[07/Jul/2021 22:26:20 Europe/Stockholm] [Info] ############################################################
[07/Jul/2021 22:26:20 Europe/Stockholm] [Info] # Output Factory initiated (html5)
[07/Jul/2021 22:26:20 Europe/Stockholm] [Info] # Building output for: Platform Navigation
[07/Jul/2021 22:26:20 Europe/Stockholm] [Info] # URL /document/edit/8777
[07/Jul/2021 22:26:20 Europe/Stockholm] [Info] # User: Sam Allen
[07/Jul/2021 22:26:20 Europe/Stockholm] [Info] # Time: Wed, 07 Jul 2021 22:26:20 +0200
[07/Jul/2021 22:26:20 Europe/Stockholm] [Info] # Server: bregenz
[07/Jul/2021 22:26:20 Europe/Stockholm] [Info] ############################################################
[07/Jul/2021 22:26:20 Europe/Stockholm] [Info] Group: custom
[07/Jul/2021 22:26:20 Europe/Stockholm] [Info] Type: html5
[07/Jul/2021 22:26:20 Europe/Stockholm] [Info] Transformation: /var/www/ccms/usr/sertifi/xsl/custom/layout-9036.xsl
[07/Jul/2021 22:26:21 Europe/Stockholm] [Info] File found: /var/www/ccms/usr/sertifi/xsl/custom/layout-9036.xsl
[07/Jul/2021 22:26:21 Europe/Stockholm] [Info] ############################################################
[07/Jul/2021 22:26:21 Europe/Stockholm] [Info] Building output for: html5
[07/Jul/2021 22:26:21 Europe/Stockholm] [Info] Using stylesheet: /var/www/ccms/usr/sertifi/xsl/custom/layout-9036.xsl
[07/Jul/2021 22:26:21 Europe/Stockholm] [Info] Parameters for this build: (array) []
[07/Jul/2021 22:26:21 Europe/Stockholm] [Info] Environment variables for this build: (array) {"taxonomies.propagate":"1","image.size":"lpr"}
[07/Jul/2021 22:26:21 Europe/Stockholm] [Info] Building output for languages: (array) ["en"]
[07/Jul/2021 22:26:21 Europe/Stockholm] [Info] Building multilang: no
[07/Jul/2021 22:26:21 Europe/Stockholm] [Info] Building preview: no
[07/Jul/2021 22:26:21 Europe/Stockholm] [Info] ############################################################
[07/Jul/2021 22:26:21 Europe/Stockholm] [Info] Using build directory: /paligo/tmp/sertifi/production-60e60deb900fc6.10571480/8777-Platform_Navigation-html5
[07/Jul/2021 22:26:22 Europe/Stockholm] [Info] -- Generating source files
[07/Jul/2021 22:26:22 Europe/Stockholm] [Info] -- Propagating taxonomies: true
[07/Jul/2021 22:26:23 Europe/Stockholm] [Info] -- Source files have been generated
[07/Jul/2021 22:26:23 Europe/Stockholm] [Info] -- Publication has no unresolved dependencies.
[07/Jul/2021 22:26:23 Europe/Stockholm] [Info] -- Generating source files complete.
[07/Jul/2021 22:26:24 Europe/Stockholm] [Info] Localizing: publication-8777.xml
[07/Jul/2021 22:26:24 Europe/Stockholm] [Info] Language: en
[07/Jul/2021 22:26:24 Europe/Stockholm] [Info] Variable sets found: 0
[07/Jul/2021 22:26:25 Europe/Stockholm] [Info] Inserting image links.
[07/Jul/2021 22:26:25 Europe/Stockholm] [Info] Found 43 image(s).
[07/Jul/2021 22:26:25 Europe/Stockholm] [Info] Found image 'classic_file_maintenance.png'
[07/Jul/2021 22:26:25 Europe/Stockholm] [Info] Found image 'new_esign_portal.png'
[07/Jul/2021 22:26:26 Europe/Stockholm] [Info] Found image 'portal_no_payments.png'
[07/Jul/2021 22:26:26 Europe/Stockholm] [Info] Found image 'esign_config.png'
[07/Jul/2021 22:26:26 Europe/Stockholm] [Info] Found image 'esign_review_new.png'
[07/Jul/2021 22:26:26 Europe/Stockholm] [Info] Found image 'esig_finish.png'
[07/Jul/2021 22:26:26 Europe/Stockholm] [Info] Found image 'signing_experience_start.png'
[07/Jul/2021 22:26:26 Europe/Stockholm] [Info] Found image 'sig_start.png'
[07/Jul/2021 22:26:26 Europe/Stockholm] [Info] Found image 'get_started.png'
[07/Jul/2021 22:26:26 Europe/Stockholm] [Info] Found image 'type_draw.png'
[07/Jul/2021 22:26:26 Europe/Stockholm] [Info] Found image 'sig_done.png'
[07/Jul/2021 22:26:26 Europe/Stockholm] [Info] Found image 'sig_end.png'
[07/Jul/2021 22:26:26 Europe/Stockholm] [Info] Found image 'sign_now.png'
[07/Jul/2021 22:26:26 Europe/Stockholm] [Info] Found image 'edit_signature_fields.png'
[07/Jul/2021 22:26:26 Europe/Stockholm] [Info] Found image 'shape.jpg'
[07/Jul/2021 22:26:26 Europe/Stockholm] [Info] Found image 'Screen_Shot_2021-04-01_at_12_30_25_PM.png'
[07/Jul/2021 22:26:26 Europe/Stockholm] [Info] Found image 'ellipsis_icon.jpg'
[07/Jul/2021 22:26:26 Europe/Stockholm] [Info] Found image 'view_folder_activity.png'
[07/Jul/2021 22:26:26 Europe/Stockholm] [Info] Found image 'view_folder_certificate.png'
[07/Jul/2021 22:26:26 Europe/Stockholm] [Info] Found image 'folder_status.png'
[07/Jul/2021 22:26:26 Europe/Stockholm] [Info] Found image 'normal_profile.png'
[07/Jul/2021 22:26:26 Europe/Stockholm] [Info] Found image 'completed_profile.png'
[07/Jul/2021 22:26:26 Europe/Stockholm] [Info] Found image 'Screen_Shot_2021-04-01_at_10_42_34_AM.png'
[07/Jul/2021 22:26:26 Europe/Stockholm] [Info] Found image 'delete_folder.png'
[07/Jul/2021 22:26:26 Europe/Stockholm] [Info] Found image 'participant_edit.png'
[07/Jul/2021 22:26:26 Europe/Stockholm] [Info] Found image 'Classic_AddaPayment.png'
[07/Jul/2021 22:26:26 Europe/Stockholm] [Info] Found image 'Classic_AddAuthorization.png'
[07/Jul/2021 22:26:26 Europe/Stockholm] [Info] Found image 'Classic_ViewPaymentReceipt.png'
[07/Jul/2021 22:26:26 Europe/Stockholm] [Info] Found image 'Classic_ClonePayment.png'
[07/Jul/2021 22:26:26 Europe/Stockholm] [Info] Found image 'Classic_ClonePaymentWindow.png'
[07/Jul/2021 22:26:26 Europe/Stockholm] [Info] Found image 'econf_email_settings.png'
[07/Jul/2021 22:26:26 Europe/Stockholm] [Info] Found image 'new_conf.png'
[07/Jul/2021 22:26:26 Europe/Stockholm] [Info] Found image 'no_new_conf.png'
[07/Jul/2021 22:26:26 Europe/Stockholm] [Info] Found image 'sort_econf.png'
[07/Jul/2021 22:26:26 Europe/Stockholm] [Info] Found image 'econf_info_button.png'
[07/Jul/2021 22:26:26 Europe/Stockholm] [Info] Found image 'blue_cards.png'
[07/Jul/2021 22:26:26 Europe/Stockholm] [Info] Found image 'verify_econf.png'
[07/Jul/2021 22:26:26 Europe/Stockholm] [Info] Found image 'home_opera_econf.png'
[07/Jul/2021 22:26:26 Europe/Stockholm] [Info] Found image 'opera_property_id.png'
[07/Jul/2021 22:26:26 Europe/Stockholm] [Info] Found image 'external_2.png'
[07/Jul/2021 22:26:26 Europe/Stockholm] [Info] Found image 'switch_interface.png'
[07/Jul/2021 22:26:26 Europe/Stockholm] [Info] Found image 'new_toggle_classic.jpg'
[07/Jul/2021 22:26:26 Europe/Stockholm] [Info] Found image 'new_toggle_nextgen.jpg'
[07/Jul/2021 22:26:27 Europe/Stockholm] [Info] Profiling parameters: (array) []
[07/Jul/2021 22:26:27 Europe/Stockholm] [Info] Profiling customisation: /var/www/ccms/usr/sertifi/xsl/profile.xsl (not found)
[07/Jul/2021 22:26:27 Europe/Stockholm] [Info] Transformation: publication-8777--en.org.xml -> publication-8777--en.xml [profile.xsl]
[07/Jul/2021 22:26:27 Europe/Stockholm] [Info] Transformation: publication-8777--en.xml -> publication-8777--en.xml [internal-xref.xsl]
[07/Jul/2021 22:26:27 Europe/Stockholm] [Info] Transformation: A-filelist.xml -> B-sorted.xml [IO.document.sortlang.xsl]
[07/Jul/2021 22:26:27 Europe/Stockholm] [Info] Transformation: B-sorted.xml -> C-concatenated.xml [IO.document.concat.xsl]
[07/Jul/2021 22:26:27 Europe/Stockholm] [Info] Transformation: B-sorted.xml -> index-en.xml [IO.document.head.xsl]
[07/Jul/2021 22:26:28 Europe/Stockholm] [Info] Created copy: /var/www/ccms/usr/sertifi/xsl/custom/layout-9036.xsl -> /var/www/ccms/usr/sertifi/xsl/custom/60e60df43959b.xsl
[07/Jul/2021 22:26:28 Europe/Stockholm] [Info] Created symlink: /var/www/ccms/application/lib/docbook/xsl/html5/html5-2.page.xsl -> /var/www/ccms/usr/sertifi/xsl/custom/60e60df43959b.page.xsl
[07/Jul/2021 22:26:28 Europe/Stockholm] [Info] Created symlink: /var/www/ccms/application/lib/docbook/xsl/html5/html5-2.index.xsl -> /var/www/ccms/usr/sertifi/xsl/custom/60e60df43959b.index.xsl
[07/Jul/2021 22:26:28 Europe/Stockholm] [Info] Created symlink: /var/www/ccms/application/lib/docbook/xsl/html5/html5.toc.xsl -> /var/www/ccms/usr/sertifi/xsl/custom/60e60df43959b.toc.xsl
[07/Jul/2021 22:26:28 Europe/Stockholm] [Info] Created symlink: /var/www/ccms/application/lib/docbook/xsl/html5/html5.page.xsl -> /var/www/ccms/usr/sertifi/xsl/custom/60e60df43959b.page.xsl
[07/Jul/2021 22:26:28 Europe/Stockholm] [Info] Created symlink: /var/www/ccms/application/lib/docbook/xsl/html5/html5.index.xsl -> /var/www/ccms/usr/sertifi/xsl/custom/60e60df43959b.index.xsl
[07/Jul/2021 22:26:29 Europe/Stockholm] [Info] Image copied: en/image/160e60df1ee717.png
[07/Jul/2021 22:26:29 Europe/Stockholm] [Info] Image copied: en/image/160e60df1f214c.png
[07/Jul/2021 22:26:29 Europe/Stockholm] [Info] Image copied: en/image/160e60df20164f.png
[07/Jul/2021 22:26:29 Europe/Stockholm] [Info] Image copied: en/image/160e60df2053a2.png
[07/Jul/2021 22:26:29 Europe/Stockholm] [Info] Image copied: en/image/160e60df208cfb.png
[07/Jul/2021 22:26:29 Europe/Stockholm] [Info] Image copied: en/image/160e60df20c057.png
[07/Jul/2021 22:26:29 Europe/Stockholm] [Info] Image copied: en/image/160e60df20f67b.png
[07/Jul/2021 22:26:29 Europe/Stockholm] [Info] Image copied: en/image/160e60df213723.png
[07/Jul/2021 22:26:29 Europe/Stockholm] [Info] Image copied: en/image/160e60df216f4d.png
[07/Jul/2021 22:26:29 Europe/Stockholm] [Info] Image copied: en/image/160e60df21a95f.png
[07/Jul/2021 22:26:29 Europe/Stockholm] [Info] Image copied: en/image/160e60df21e097.png
[07/Jul/2021 22:26:29 Europe/Stockholm] [Info] Image copied: en/image/160e60df221771.png
[07/Jul/2021 22:26:29 Europe/Stockholm] [Info] Image copied: en/image/160e60df224e5f.png
[07/Jul/2021 22:26:29 Europe/Stockholm] [Info] Image copied: en/image/160e60df22874a.png
[07/Jul/2021 22:26:29 Europe/Stockholm] [Info] Image copied: en/image/160e60df22b918.jpg
[07/Jul/2021 22:26:29 Europe/Stockholm] [Info] Image copied: en/image/160e60df22ec30.png
[07/Jul/2021 22:26:29 Europe/Stockholm] [Info] Image copied: en/image/160e60df231f67.jpg
[07/Jul/2021 22:26:29 Europe/Stockholm] [Info] Image copied: en/image/160e60df2358d4.png
[07/Jul/2021 22:26:29 Europe/Stockholm] [Info] Image copied: en/image/160e60df238f98.png
[07/Jul/2021 22:26:29 Europe/Stockholm] [Info] Image copied: en/image/160e60df23c18b.png
[07/Jul/2021 22:26:29 Europe/Stockholm] [Info] Image copied: en/image/160e60df23f58d.png
[07/Jul/2021 22:26:29 Europe/Stockholm] [Info] Image copied: en/image/160e60df24279f.png
[07/Jul/2021 22:26:29 Europe/Stockholm] [Info] Image copied: en/image/160e60df245915.png
[07/Jul/2021 22:26:29 Europe/Stockholm] [Info] Image copied: en/image/160e60df248cb7.png
[07/Jul/2021 22:26:29 Europe/Stockholm] [Info] Image copied: en/image/160e60df24c390.png
[07/Jul/2021 22:26:29 Europe/Stockholm] [Info] Image copied: en/image/160e60df24f561.png
[07/Jul/2021 22:26:29 Europe/Stockholm] [Info] Image copied: en/image/160e60df252b30.png
[07/Jul/2021 22:26:29 Europe/Stockholm] [Info] Image copied: en/image/160e60df25618c.png
[07/Jul/2021 22:26:29 Europe/Stockholm] [Info] Image copied: en/image/160e60df2593fe.png
[07/Jul/2021 22:26:29 Europe/Stockholm] [Info] Image copied: en/image/160e60df25c966.png
[07/Jul/2021 22:26:29 Europe/Stockholm] [Info] Image copied: en/image/160e60df260ff6.png
[07/Jul/2021 22:26:29 Europe/Stockholm] [Info] Image copied: en/image/160e60df26453c.png
[07/Jul/2021 22:26:29 Europe/Stockholm] [Info] Image copied: en/image/160e60df2677fc.png
[07/Jul/2021 22:26:29 Europe/Stockholm] [Info] Image copied: en/image/160e60df26ae00.png
[07/Jul/2021 22:26:29 Europe/Stockholm] [Info] Image copied: en/image/160e60df26e4ad.png
[07/Jul/2021 22:26:29 Europe/Stockholm] [Info] Image copied: en/image/160e60df271814.png
[07/Jul/2021 22:26:29 Europe/Stockholm] [Info] Image copied: en/image/160e60df2749f6.png
[07/Jul/2021 22:26:29 Europe/Stockholm] [Info] Image copied: en/image/160e60df277fae.png
[07/Jul/2021 22:26:29 Europe/Stockholm] [Info] Image copied: en/image/160e60df27b38b.png
[07/Jul/2021 22:26:29 Europe/Stockholm] [Info] Image copied: en/image/160e60df27e64f.png
[07/Jul/2021 22:26:29 Europe/Stockholm] [Info] Image copied: en/image/160e60df281e7b.png
[07/Jul/2021 22:26:29 Europe/Stockholm] [Info] Image copied: en/image/160e60df285311.jpg
[07/Jul/2021 22:26:29 Europe/Stockholm] [Info] Image copied: en/image/160e60df288919.jpg
[07-Jul-2021 22:26:30 Europe/Stockholm] Parsing manifest file: css/*, css/image/*, css/image/callouts/*, js/*, js/jquery-3/*, fonts/*, js/swagger/*
[07-Jul-2021 22:26:30 Europe/Stockholm] Filename: css/*
[07-Jul-2021 22:26:30 Europe/Stockholm] Source directory: /var/www/ccms/application/lib/docbook/xsl/html5
[07-Jul-2021 22:26:30 Europe/Stockholm] Target directory: /paligo/tmp/sertifi/production-60e60deb900fc6.10571480/8777-Platform_Navigation-html5/out
[07-Jul-2021 22:26:30 Europe/Stockholm] Copy file 'bootstrap-3.0.2.min.css'
[07-Jul-2021 22:26:30 Europe/Stockholm] Copy file 'bootstrap-theme-3.0.2.min.css'
[07-Jul-2021 22:26:30 Europe/Stockholm] Copy file 'bootstrap-theme.min.css'
[07-Jul-2021 22:26:30 Europe/Stockholm] Copy file 'bootstrap-theme.min.css.map'
[07-Jul-2021 22:26:30 Europe/Stockholm] Copy file 'bootstrap.min.css'
[07-Jul-2021 22:26:30 Europe/Stockholm] Copy file 'bootstrap.min.css.map'
[07-Jul-2021 22:26:30 Europe/Stockholm] Copy file 'content-theme1.css'
[07-Jul-2021 22:26:30 Europe/Stockholm] Copy file 'content-theme2.css'
[07-Jul-2021 22:26:30 Europe/Stockholm] Copy file 'docbook.css'
[07-Jul-2021 22:26:30 Europe/Stockholm] Copy file 'font-awesome.css'
[07-Jul-2021 22:26:30 Europe/Stockholm] Copy file 'graphical-lists.css'
[07-Jul-2021 22:26:30 Europe/Stockholm] Copy file 'html5.algoliasearch.css'
[07-Jul-2021 22:26:30 Europe/Stockholm] Copy file 'html5.algoliasearchpage.css'
[07-Jul-2021 22:26:30 Europe/Stockholm] Copy file 'mathml.css'
[07-Jul-2021 22:26:30 Europe/Stockholm] Copy file 'roboto.font.css'
[07-Jul-2021 22:26:30 Europe/Stockholm] Copy file 'rwd-table.min.css'
[07-Jul-2021 22:26:30 Europe/Stockholm] Copy file 'sm-core-css.css'
[07-Jul-2021 22:26:30 Europe/Stockholm] Copy file 'sm-simple.css'
[07-Jul-2021 22:26:30 Europe/Stockholm] Copy file 'style-api-responsive.css'
[07-Jul-2021 22:26:30 Europe/Stockholm] Copy file 'style-api.css'
[07-Jul-2021 22:26:30 Europe/Stockholm] Copy file 'style-common.css'
[07-Jul-2021 22:26:30 Europe/Stockholm] Copy file 'style-index-page.css'
[07-Jul-2021 22:26:30 Europe/Stockholm] Copy file 'style-modern-tables.css'
[07-Jul-2021 22:26:30 Europe/Stockholm] Copy file 'style-print.css'
[07-Jul-2021 22:26:30 Europe/Stockholm] Copy file 'style-responsive.css'
[07-Jul-2021 22:26:30 Europe/Stockholm] Copy file 'style-revealjs-slides.css'
[07-Jul-2021 22:26:30 Europe/Stockholm] Copy file 'style-single-page.css'
[07-Jul-2021 22:26:30 Europe/Stockholm] Copy file 'style.css'
[07-Jul-2021 22:26:30 Europe/Stockholm] Copy file 'theme0.css'
[07-Jul-2021 22:26:30 Europe/Stockholm] Copy file 'theme1-colors.css'
[07-Jul-2021 22:26:30 Europe/Stockholm] Copy file 'theme1.css'
[07-Jul-2021 22:26:30 Europe/Stockholm] Copy file 'theme2-colors.css'
[07-Jul-2021 22:26:30 Europe/Stockholm] Copy file 'theme2.css'
[07-Jul-2021 22:26:30 Europe/Stockholm] Copy file 'theme3-colors.css'
[07-Jul-2021 22:26:30 Europe/Stockholm] Copy file 'theme3.css'
[07-Jul-2021 22:26:30 Europe/Stockholm] Copy file 'theme3b-colors.css'
[07-Jul-2021 22:26:30 Europe/Stockholm] Copy file 'theme3b.css'
[07-Jul-2021 22:26:30 Europe/Stockholm] Filename: css/image/*
[07-Jul-2021 22:26:30 Europe/Stockholm] Source directory: /var/www/ccms/application/lib/docbook/xsl/html5
[07-Jul-2021 22:26:30 Europe/Stockholm] Target directory: /paligo/tmp/sertifi/production-60e60deb900fc6.10571480/8777-Platform_Navigation-html5/out
[07-Jul-2021 22:26:30 Europe/Stockholm] Copy file 'breadcrumb-seperator.png'
[07-Jul-2021 22:26:30 Europe/Stockholm] Copy file 'caution.png'
[07-Jul-2021 22:26:30 Europe/Stockholm] Copy file 'corporate-logo-blue-inverted.svg'
[07-Jul-2021 22:26:30 Europe/Stockholm] Copy file 'corporate-logo-blue.svg'
[07-Jul-2021 22:26:30 Europe/Stockholm] Copy file 'corporate-logo-white.png'
[07-Jul-2021 22:26:30 Europe/Stockholm] Copy file 'corporate-logo-white.svg'
[07-Jul-2021 22:26:30 Europe/Stockholm] Copy file 'corporate-logo.png'
[07-Jul-2021 22:26:30 Europe/Stockholm] Copy file 'corporate-logo.svg'
[07-Jul-2021 22:26:30 Europe/Stockholm] Copy file 'important.png'
[07-Jul-2021 22:26:30 Europe/Stockholm] Copy file 'note.png'
[07-Jul-2021 22:26:30 Europe/Stockholm] Copy file 'portal1-bg.jpg'
[07-Jul-2021 22:26:30 Europe/Stockholm] Copy file 'portal2a-bg.jpg'
[07-Jul-2021 22:26:30 Europe/Stockholm] Copy file 'portal2b-bg.jpg'
[07-Jul-2021 22:26:30 Europe/Stockholm] Copy file 'portal2c-bg.jpg'
[07-Jul-2021 22:26:30 Europe/Stockholm] Copy file 'subheader-bg.png'
[07-Jul-2021 22:26:30 Europe/Stockholm] Copy file 'warning.png'
[07-Jul-2021 22:26:30 Europe/Stockholm] Filename: css/image/callouts/*
[07-Jul-2021 22:26:30 Europe/Stockholm] Source directory: /var/www/ccms/application/lib/docbook/xsl/html5
[07-Jul-2021 22:26:30 Europe/Stockholm] Target directory: /paligo/tmp/sertifi/production-60e60deb900fc6.10571480/8777-Platform_Navigation-html5/out
[07-Jul-2021 22:26:30 Europe/Stockholm] Copy file '1.gif'
[07-Jul-2021 22:26:30 Europe/Stockholm] Copy file '1.png'
[07-Jul-2021 22:26:30 Europe/Stockholm] Copy file '1.svg'
[07-Jul-2021 22:26:30 Europe/Stockholm] Copy file '10.gif'
[07-Jul-2021 22:26:30 Europe/Stockholm] Copy file '10.png'
[07-Jul-2021 22:26:30 Europe/Stockholm] Copy file '10.svg'
[07-Jul-2021 22:26:30 Europe/Stockholm] Copy file '11.gif'
[07-Jul-2021 22:26:30 Europe/Stockholm] Copy file '11.png'
[07-Jul-2021 22:26:30 Europe/Stockholm] Copy file '11.svg'
[07-Jul-2021 22:26:30 Europe/Stockholm] Copy file '12.gif'
[07-Jul-2021 22:26:30 Europe/Stockholm] Copy file '12.png'
[07-Jul-2021 22:26:30 Europe/Stockholm] Copy file '12.svg'
[07-Jul-2021 22:26:30 Europe/Stockholm] Copy file '13.gif'
[07-Jul-2021 22:26:30 Europe/Stockholm] Copy file '13.png'
[07-Jul-2021 22:26:30 Europe/Stockholm] Copy file '13.svg'
[07-Jul-2021 22:26:30 Europe/Stockholm] Copy file '14.gif'
[07-Jul-2021 22:26:30 Europe/Stockholm] Copy file '14.png'
[07-Jul-2021 22:26:30 Europe/Stockholm] Copy file '14.svg'
[07-Jul-2021 22:26:30 Europe/Stockholm] Copy file '15.gif'
[07-Jul-2021 22:26:30 Europe/Stockholm] Copy file '15.png'
[07-Jul-2021 22:26:30 Europe/Stockholm] Copy file '15.svg'
[07-Jul-2021 22:26:30 Europe/Stockholm] Copy file '16.svg'
[07-Jul-2021 22:26:30 Europe/Stockholm] Copy file '17.svg'
[07-Jul-2021 22:26:30 Europe/Stockholm] Copy file '18.svg'
[07-Jul-2021 22:26:30 Europe/Stockholm] Copy file '19.svg'
[07-Jul-2021 22:26:30 Europe/Stockholm] Copy file '2.gif'
[07-Jul-2021 22:26:30 Europe/Stockholm] Copy file '2.png'
[07-Jul-2021 22:26:30 Europe/Stockholm] Copy file '2.svg'
[07-Jul-2021 22:26:30 Europe/Stockholm] Copy file '20.svg'
[07-Jul-2021 22:26:30 Europe/Stockholm] Copy file '21.svg'
[07-Jul-2021 22:26:30 Europe/Stockholm] Copy file '22.svg'
[07-Jul-2021 22:26:30 Europe/Stockholm] Copy file '23.svg'
[07-Jul-2021 22:26:30 Europe/Stockholm] Copy file '24.svg'
[07-Jul-2021 22:26:30 Europe/Stockholm] Copy file '25.svg'
[07-Jul-2021 22:26:30 Europe/Stockholm] Copy file '26.svg'
[07-Jul-2021 22:26:30 Europe/Stockholm] Copy file '27.svg'
[07-Jul-2021 22:26:30 Europe/Stockholm] Copy file '28.svg'
[07-Jul-2021 22:26:30 Europe/Stockholm] Copy file '29.svg'
[07-Jul-2021 22:26:30 Europe/Stockholm] Copy file '3.gif'
[07-Jul-2021 22:26:30 Europe/Stockholm] Copy file '3.png'
[07-Jul-2021 22:26:30 Europe/Stockholm] Copy file '3.svg'
[07-Jul-2021 22:26:30 Europe/Stockholm] Copy file '30.svg'
[07-Jul-2021 22:26:30 Europe/Stockholm] Copy file '4.gif'
[07-Jul-2021 22:26:30 Europe/Stockholm] Copy file '4.png'
[07-Jul-2021 22:26:30 Europe/Stockholm] Copy file '4.svg'
[07-Jul-2021 22:26:30 Europe/Stockholm] Copy file '5.gif'
[07-Jul-2021 22:26:30 Europe/Stockholm] Copy file '5.png'
[07-Jul-2021 22:26:30 Europe/Stockholm] Copy file '5.svg'
[07-Jul-2021 22:26:30 Europe/Stockholm] Copy file '6.gif'
[07-Jul-2021 22:26:30 Europe/Stockholm] Copy file '6.png'
[07-Jul-2021 22:26:30 Europe/Stockholm] Copy file '6.svg'
[07-Jul-2021 22:26:30 Europe/Stockholm] Copy file '7.gif'
[07-Jul-2021 22:26:30 Europe/Stockholm] Copy file '7.png'
[07-Jul-2021 22:26:30 Europe/Stockholm] Copy file '7.svg'
[07-Jul-2021 22:26:30 Europe/Stockholm] Copy file '8.gif'
[07-Jul-2021 22:26:30 Europe/Stockholm] Copy file '8.png'
[07-Jul-2021 22:26:30 Europe/Stockholm] Copy file '8.svg'
[07-Jul-2021 22:26:30 Europe/Stockholm] Copy file '9.gif'
[07-Jul-2021 22:26:30 Europe/Stockholm] Copy file '9.png'
[07-Jul-2021 22:26:30 Europe/Stockholm] Copy file '9.svg'
[07-Jul-2021 22:26:30 Europe/Stockholm] Filename: js/*
[07-Jul-2021 22:26:30 Europe/Stockholm] Source directory: /var/www/ccms/application/lib/docbook/xsl/html5
[07-Jul-2021 22:26:30 Europe/Stockholm] Target directory: /paligo/tmp/sertifi/production-60e60deb900fc6.10571480/8777-Platform_Navigation-html5/out
[07-Jul-2021 22:26:30 Europe/Stockholm] Copy file 'ajax-loading.js'
[07-Jul-2021 22:26:30 Europe/Stockholm] Copy file 'anchorlinks.js'
[07-Jul-2021 22:26:30 Europe/Stockholm] Copy file 'bootstrap.min.js'
[07-Jul-2021 22:26:30 Europe/Stockholm] Copy file 'checklist.js'
[07-Jul-2021 22:26:30 Europe/Stockholm] Copy file 'clipboard.min.js'
[07-Jul-2021 22:26:30 Europe/Stockholm] Copy file 'cookie-consent.js'
[07-Jul-2021 22:26:30 Europe/Stockholm] Copy file 'create-toc.js'
[07-Jul-2021 22:26:30 Europe/Stockholm] Copy file 'csh.js'
[07-Jul-2021 22:26:30 Europe/Stockholm] Copy file 'fuse.min.js'
[07-Jul-2021 22:26:30 Europe/Stockholm] Copy file 'hilitor.js'
[07-Jul-2021 22:26:30 Europe/Stockholm] Copy file 'html5-2-ajax-hp.js'
[07-Jul-2021 22:26:30 Europe/Stockholm] Copy file 'html5-2-ajax.js'
[07-Jul-2021 22:26:30 Europe/Stockholm] Copy file 'html5-2-mp-common.js'
[07-Jul-2021 22:26:30 Europe/Stockholm] Copy file 'html5-2-portal.js'
[07-Jul-2021 22:26:30 Europe/Stockholm] Copy file 'html5-2.js'
[07-Jul-2021 22:26:30 Europe/Stockholm] Copy file 'html5.algoliasearch.js'
[07-Jul-2021 22:26:30 Europe/Stockholm] Copy file 'html5.algoliasearchpage.js'
[07-Jul-2021 22:26:30 Europe/Stockholm] Copy file 'html5.fuse.search.js'
[07-Jul-2021 22:26:30 Europe/Stockholm] Copy file 'jquery-1.10.2.min.js'
[07-Jul-2021 22:26:30 Europe/Stockholm] Copy file 'jquery-1.10.2.min.map'
[07-Jul-2021 22:26:30 Europe/Stockholm] Copy file 'jquery-migrate-3.0.1.min.js'
[07-Jul-2021 22:26:30 Europe/Stockholm] Copy file 'jquery-ui-1.10.3.custom.min.js'
[07-Jul-2021 22:26:30 Europe/Stockholm] Copy file 'jquery.event.move.js'
[07-Jul-2021 22:26:30 Europe/Stockholm] Copy file 'jquery.event.swipe.js'
[07-Jul-2021 22:26:30 Europe/Stockholm] Copy file 'jquery.mark.min.js'
[07-Jul-2021 22:26:30 Europe/Stockholm] Copy file 'jquery.smartmenus.js'
[07-Jul-2021 22:26:30 Europe/Stockholm] Copy file 'jquery.sticky.js'
[07-Jul-2021 22:26:30 Europe/Stockholm] Copy file 'lunr-single-lang.js'
[07-Jul-2021 22:26:30 Europe/Stockholm] Copy file 'lunr.js'
[07-Jul-2021 22:26:30 Europe/Stockholm] Copy file 'materialize.min.js'
[07-Jul-2021 22:26:30 Europe/Stockholm] Copy file 'mspace.js'
[07-Jul-2021 22:26:30 Europe/Stockholm] Copy file 'purl.js'
[07-Jul-2021 22:26:30 Europe/Stockholm] Copy file 'respond.min.js'
[07-Jul-2021 22:26:30 Europe/Stockholm] Copy file 'responsive-tables.js'
[07-Jul-2021 22:26:30 Europe/Stockholm] Copy file 'rwd-table.min.js'
[07-Jul-2021 22:26:30 Europe/Stockholm] Copy file 'script-api.js'
[07-Jul-2021 22:26:30 Europe/Stockholm] Copy file 'script-revealjs-slides.js'
[07-Jul-2021 22:26:30 Europe/Stockholm] Copy file 'script.js'
[07-Jul-2021 22:26:30 Europe/Stockholm] Copy file 'search.js'
[07-Jul-2021 22:26:30 Europe/Stockholm] Copy file 'updateurl.js'
[07-Jul-2021 22:26:30 Europe/Stockholm] Filename: js/jquery-3/*
[07-Jul-2021 22:26:30 Europe/Stockholm] Source directory: /var/www/ccms/application/lib/docbook/xsl/html5
[07-Jul-2021 22:26:30 Europe/Stockholm] Target directory: /paligo/tmp/sertifi/production-60e60deb900fc6.10571480/8777-Platform_Navigation-html5/out
[07-Jul-2021 22:26:30 Europe/Stockholm] Copy file 'jquery-3.4.1.min.js'
[07-Jul-2021 22:26:30 Europe/Stockholm] Copy file 'jquery-3.5.1.min.js'
[07-Jul-2021 22:26:30 Europe/Stockholm] Copy file 'jquery-3.6.0.min.js'
[07-Jul-2021 22:26:30 Europe/Stockholm] Filename: fonts/*
[07-Jul-2021 22:26:30 Europe/Stockholm] Source directory: /var/www/ccms/application/lib/docbook/xsl/html5
[07-Jul-2021 22:26:30 Europe/Stockholm] Target directory: /paligo/tmp/sertifi/production-60e60deb900fc6.10571480/8777-Platform_Navigation-html5/out
[07-Jul-2021 22:26:30 Europe/Stockholm] Copy file 'FontAwesome.otf'
[07-Jul-2021 22:26:30 Europe/Stockholm] Copy file 'fontawesome-webfont.eot'
[07-Jul-2021 22:26:30 Europe/Stockholm] Copy file 'fontawesome-webfont.svg'
[07-Jul-2021 22:26:30 Europe/Stockholm] Copy file 'fontawesome-webfont.ttf'
[07-Jul-2021 22:26:30 Europe/Stockholm] Copy file 'fontawesome-webfont.woff'
[07-Jul-2021 22:26:30 Europe/Stockholm] Copy file 'fontawesome-webfont.woff2'
[07-Jul-2021 22:26:30 Europe/Stockholm] Copy file 'glyphicons-halflings-regular.eot'
[07-Jul-2021 22:26:30 Europe/Stockholm] Copy file 'glyphicons-halflings-regular.svg'
[07-Jul-2021 22:26:30 Europe/Stockholm] Copy file 'glyphicons-halflings-regular.ttf'
[07-Jul-2021 22:26:30 Europe/Stockholm] Copy file 'glyphicons-halflings-regular.woff'
[07-Jul-2021 22:26:30 Europe/Stockholm] Copy file 'glyphicons-halflings-regular.woff2'
[07-Jul-2021 22:26:30 Europe/Stockholm] Copy file 'roboto-v20-vietnamese_latin-ext_latin_greek-ext_greek_cyrillic-ext_cyrillic-300.eot'
[07-Jul-2021 22:26:30 Europe/Stockholm] Copy file 'roboto-v20-vietnamese_latin-ext_latin_greek-ext_greek_cyrillic-ext_cyrillic-300.svg'
[07-Jul-2021 22:26:30 Europe/Stockholm] Copy file 'roboto-v20-vietnamese_latin-ext_latin_greek-ext_greek_cyrillic-ext_cyrillic-300.ttf'
[07-Jul-2021 22:26:30 Europe/Stockholm] Copy file 'roboto-v20-vietnamese_latin-ext_latin_greek-ext_greek_cyrillic-ext_cyrillic-300.woff'
[07-Jul-2021 22:26:30 Europe/Stockholm] Copy file 'roboto-v20-vietnamese_latin-ext_latin_greek-ext_greek_cyrillic-ext_cyrillic-300.woff2'
[07-Jul-2021 22:26:30 Europe/Stockholm] Copy file 'roboto-v20-vietnamese_latin-ext_latin_greek-ext_greek_cyrillic-ext_cyrillic-700.eot'
[07-Jul-2021 22:26:30 Europe/Stockholm] Copy file 'roboto-v20-vietnamese_latin-ext_latin_greek-ext_greek_cyrillic-ext_cyrillic-700.svg'
[07-Jul-2021 22:26:30 Europe/Stockholm] Copy file 'roboto-v20-vietnamese_latin-ext_latin_greek-ext_greek_cyrillic-ext_cyrillic-700.ttf'
[07-Jul-2021 22:26:30 Europe/Stockholm] Copy file 'roboto-v20-vietnamese_latin-ext_latin_greek-ext_greek_cyrillic-ext_cyrillic-700.woff'
[07-Jul-2021 22:26:30 Europe/Stockholm] Copy file 'roboto-v20-vietnamese_latin-ext_latin_greek-ext_greek_cyrillic-ext_cyrillic-700.woff2'
[07-Jul-2021 22:26:30 Europe/Stockholm] Copy file 'roboto-v20-vietnamese_latin-ext_latin_greek-ext_greek_cyrillic-ext_cyrillic-regular.eot'
[07-Jul-2021 22:26:30 Europe/Stockholm] Copy file 'roboto-v20-vietnamese_latin-ext_latin_greek-ext_greek_cyrillic-ext_cyrillic-regular.svg'
[07-Jul-2021 22:26:30 Europe/Stockholm] Copy file 'roboto-v20-vietnamese_latin-ext_latin_greek-ext_greek_cyrillic-ext_cyrillic-regular.ttf'
[07-Jul-2021 22:26:30 Europe/Stockholm] Copy file 'roboto-v20-vietnamese_latin-ext_latin_greek-ext_greek_cyrillic-ext_cyrillic-regular.woff'
[07-Jul-2021 22:26:30 Europe/Stockholm] Copy file 'roboto-v20-vietnamese_latin-ext_latin_greek-ext_greek_cyrillic-ext_cyrillic-regular.woff2'
[07-Jul-2021 22:26:30 Europe/Stockholm] Filename: js/swagger/*
[07-Jul-2021 22:26:30 Europe/Stockholm] Source directory: /var/www/ccms/application/lib/docbook/xsl/html5
[07-Jul-2021 22:26:30 Europe/Stockholm] Target directory: /paligo/tmp/sertifi/production-60e60deb900fc6.10571480/8777-Platform_Navigation-html5/out
[07-Jul-2021 22:26:30 Europe/Stockholm] Copy file 'favicon-16x16.png'
[07-Jul-2021 22:26:30 Europe/Stockholm] Copy file 'favicon-32x32.png'
[07-Jul-2021 22:26:30 Europe/Stockholm] Copy file 'index.html'
[07-Jul-2021 22:26:30 Europe/Stockholm] Copy file 'oauth2-redirect.html'
[07-Jul-2021 22:26:30 Europe/Stockholm] Copy file 'paligo-swagger.js'
[07-Jul-2021 22:26:30 Europe/Stockholm] Copy file 'paligo.css'
[07-Jul-2021 22:26:30 Europe/Stockholm] Copy file 'swagger-ui-bundle.js'
[07-Jul-2021 22:26:30 Europe/Stockholm] Copy file 'swagger-ui-bundle.js.map'
[07-Jul-2021 22:26:30 Europe/Stockholm] Copy file 'swagger-ui-standalone-preset.js'
[07-Jul-2021 22:26:30 Europe/Stockholm] Copy file 'swagger-ui-standalone-preset.js.map'
[07-Jul-2021 22:26:30 Europe/Stockholm] Copy file 'swagger-ui.css'
[07-Jul-2021 22:26:30 Europe/Stockholm] Copy file 'swagger-ui.css.map'
[07-Jul-2021 22:26:30 Europe/Stockholm] Copy file 'swagger-ui.js'
[07-Jul-2021 22:26:30 Europe/Stockholm] Copy file 'swagger-ui.js.map'
[07-Jul-2021 22:26:30 Europe/Stockholm] Copy file 'yaml.min.js'
[07-Jul-2021 22:26:30 Europe/Stockholm] Parsing manifest file: css/*, css/image/*, css/image/callouts/*, js/*, fonts/*
[07-Jul-2021 22:26:30 Europe/Stockholm] Filename: css/*
[07-Jul-2021 22:26:30 Europe/Stockholm] Source directory: /var/www/ccms/application/lib/docbook/xsl/html5
[07-Jul-2021 22:26:30 Europe/Stockholm] Target directory: /paligo/tmp/sertifi/production-60e60deb900fc6.10571480/8777-Platform_Navigation-html5/out
[07-Jul-2021 22:26:30 Europe/Stockholm] Copy file 'bootstrap-3.0.2.min.css'
[07-Jul-2021 22:26:30 Europe/Stockholm] Copy file 'bootstrap-theme-3.0.2.min.css'
[07-Jul-2021 22:26:30 Europe/Stockholm] Copy file 'bootstrap-theme.min.css'
[07-Jul-2021 22:26:30 Europe/Stockholm] Copy file 'bootstrap-theme.min.css.map'
[07-Jul-2021 22:26:30 Europe/Stockholm] Copy file 'bootstrap.min.css'
[07-Jul-2021 22:26:30 Europe/Stockholm] Copy file 'bootstrap.min.css.map'
[07-Jul-2021 22:26:30 Europe/Stockholm] Copy file 'content-theme1.css'
[07-Jul-2021 22:26:30 Europe/Stockholm] Copy file 'content-theme2.css'
[07-Jul-2021 22:26:30 Europe/Stockholm] Copy file 'docbook.css'
[07-Jul-2021 22:26:30 Europe/Stockholm] Copy file 'font-awesome.css'
[07-Jul-2021 22:26:30 Europe/Stockholm] Copy file 'graphical-lists.css'
[07-Jul-2021 22:26:30 Europe/Stockholm] Copy file 'html5.algoliasearch.css'
[07-Jul-2021 22:26:30 Europe/Stockholm] Copy file 'html5.algoliasearchpage.css'
[07-Jul-2021 22:26:30 Europe/Stockholm] Copy file 'mathml.css'
[07-Jul-2021 22:26:30 Europe/Stockholm] Copy file 'roboto.font.css'
[07-Jul-2021 22:26:30 Europe/Stockholm] Copy file 'rwd-table.min.css'
[07-Jul-2021 22:26:30 Europe/Stockholm] Copy file 'sm-core-css.css'
[07-Jul-2021 22:26:30 Europe/Stockholm] Copy file 'sm-simple.css'
[07-Jul-2021 22:26:30 Europe/Stockholm] Copy file 'style-api-responsive.css'
[07-Jul-2021 22:26:30 Europe/Stockholm] Copy file 'style-api.css'
[07-Jul-2021 22:26:30 Europe/Stockholm] Copy file 'style-common.css'
[07-Jul-2021 22:26:30 Europe/Stockholm] Copy file 'style-index-page.css'
[07-Jul-2021 22:26:30 Europe/Stockholm] Copy file 'style-modern-tables.css'
[07-Jul-2021 22:26:30 Europe/Stockholm] Copy file 'style-print.css'
[07-Jul-2021 22:26:30 Europe/Stockholm] Copy file 'style-responsive.css'
[07-Jul-2021 22:26:30 Europe/Stockholm] Copy file 'style-revealjs-slides.css'
[07-Jul-2021 22:26:30 Europe/Stockholm] Copy file 'style-single-page.css'
[07-Jul-2021 22:26:30 Europe/Stockholm] Copy file 'style.css'
[07-Jul-2021 22:26:30 Europe/Stockholm] Copy file 'theme0.css'
[07-Jul-2021 22:26:30 Europe/Stockholm] Copy file 'theme1-colors.css'
[07-Jul-2021 22:26:30 Europe/Stockholm] Copy file 'theme1.css'
[07-Jul-2021 22:26:30 Europe/Stockholm] Copy file 'theme2-colors.css'
[07-Jul-2021 22:26:30 Europe/Stockholm] Copy file 'theme2.css'
[07-Jul-2021 22:26:30 Europe/Stockholm] Copy file 'theme3-colors.css'
[07-Jul-2021 22:26:30 Europe/Stockholm] Copy file 'theme3.css'
[07-Jul-2021 22:26:30 Europe/Stockholm] Copy file 'theme3b-colors.css'
[07-Jul-2021 22:26:30 Europe/Stockholm] Copy file 'theme3b.css'
[07-Jul-2021 22:26:30 Europe/Stockholm] Filename: css/image/*
[07-Jul-2021 22:26:30 Europe/Stockholm] Source directory: /var/www/ccms/application/lib/docbook/xsl/html5
[07-Jul-2021 22:26:30 Europe/Stockholm] Target directory: /paligo/tmp/sertifi/production-60e60deb900fc6.10571480/8777-Platform_Navigation-html5/out
[07-Jul-2021 22:26:30 Europe/Stockholm] Copy file 'breadcrumb-seperator.png'
[07-Jul-2021 22:26:30 Europe/Stockholm] Copy file 'caution.png'
[07-Jul-2021 22:26:30 Europe/Stockholm] Copy file 'corporate-logo-blue-inverted.svg'
[07-Jul-2021 22:26:30 Europe/Stockholm] Copy file 'corporate-logo-blue.svg'
[07-Jul-2021 22:26:30 Europe/Stockholm] Copy file 'corporate-logo-white.png'
[07-Jul-2021 22:26:30 Europe/Stockholm] Copy file 'corporate-logo-white.svg'
[07-Jul-2021 22:26:30 Europe/Stockholm] Copy file 'corporate-logo.png'
[07-Jul-2021 22:26:30 Europe/Stockholm] Copy file 'corporate-logo.svg'
[07-Jul-2021 22:26:30 Europe/Stockholm] Copy file 'important.png'
[07-Jul-2021 22:26:30 Europe/Stockholm] Copy file 'note.png'
[07-Jul-2021 22:26:30 Europe/Stockholm] Copy file 'portal1-bg.jpg'
[07-Jul-2021 22:26:30 Europe/Stockholm] Copy file 'portal2a-bg.jpg'
[07-Jul-2021 22:26:30 Europe/Stockholm] Copy file 'portal2b-bg.jpg'
[07-Jul-2021 22:26:30 Europe/Stockholm] Copy file 'portal2c-bg.jpg'
[07-Jul-2021 22:26:30 Europe/Stockholm] Copy file 'subheader-bg.png'
[07-Jul-2021 22:26:30 Europe/Stockholm] Copy file 'warning.png'
[07-Jul-2021 22:26:30 Europe/Stockholm] Filename: css/image/callouts/*
[07-Jul-2021 22:26:30 Europe/Stockholm] Source directory: /var/www/ccms/application/lib/docbook/xsl/html5
[07-Jul-2021 22:26:30 Europe/Stockholm] Target directory: /paligo/tmp/sertifi/production-60e60deb900fc6.10571480/8777-Platform_Navigation-html5/out
[07-Jul-2021 22:26:30 Europe/Stockholm] Copy file '1.gif'
[07-Jul-2021 22:26:30 Europe/Stockholm] Copy file '1.png'
[07-Jul-2021 22:26:30 Europe/Stockholm] Copy file '1.svg'
[07-Jul-2021 22:26:30 Europe/Stockholm] Copy file '10.gif'
[07-Jul-2021 22:26:30 Europe/Stockholm] Copy file '10.png'
[07-Jul-2021 22:26:30 Europe/Stockholm] Copy file '10.svg'
[07-Jul-2021 22:26:30 Europe/Stockholm] Copy file '11.gif'
[07-Jul-2021 22:26:30 Europe/Stockholm] Copy file '11.png'
[07-Jul-2021 22:26:30 Europe/Stockholm] Copy file '11.svg'
[07-Jul-2021 22:26:30 Europe/Stockholm] Copy file '12.gif'
[07-Jul-2021 22:26:30 Europe/Stockholm] Copy file '12.png'
[07-Jul-2021 22:26:30 Europe/Stockholm] Copy file '12.svg'
[07-Jul-2021 22:26:30 Europe/Stockholm] Copy file '13.gif'
[07-Jul-2021 22:26:30 Europe/Stockholm] Copy file '13.png'
[07-Jul-2021 22:26:30 Europe/Stockholm] Copy file '13.svg'
[07-Jul-2021 22:26:30 Europe/Stockholm] Copy file '14.gif'
[07-Jul-2021 22:26:30 Europe/Stockholm] Copy file '14.png'
[07-Jul-2021 22:26:30 Europe/Stockholm] Copy file '14.svg'
[07-Jul-2021 22:26:30 Europe/Stockholm] Copy file '15.gif'
[07-Jul-2021 22:26:30 Europe/Stockholm] Copy file '15.png'
[07-Jul-2021 22:26:30 Europe/Stockholm] Copy file '15.svg'
[07-Jul-2021 22:26:30 Europe/Stockholm] Copy file '16.svg'
[07-Jul-2021 22:26:30 Europe/Stockholm] Copy file '17.svg'
[07-Jul-2021 22:26:30 Europe/Stockholm] Copy file '18.svg'
[07-Jul-2021 22:26:30 Europe/Stockholm] Copy file '19.svg'
[07-Jul-2021 22:26:30 Europe/Stockholm] Copy file '2.gif'
[07-Jul-2021 22:26:30 Europe/Stockholm] Copy file '2.png'
[07-Jul-2021 22:26:30 Europe/Stockholm] Copy file '2.svg'
[07-Jul-2021 22:26:30 Europe/Stockholm] Copy file '20.svg'
[07-Jul-2021 22:26:30 Europe/Stockholm] Copy file '21.svg'
[07-Jul-2021 22:26:30 Europe/Stockholm] Copy file '22.svg'
[07-Jul-2021 22:26:30 Europe/Stockholm] Copy file '23.svg'
[07-Jul-2021 22:26:30 Europe/Stockholm] Copy file '24.svg'
[07-Jul-2021 22:26:30 Europe/Stockholm] Copy file '25.svg'
[07-Jul-2021 22:26:30 Europe/Stockholm] Copy file '26.svg'
[07-Jul-2021 22:26:30 Europe/Stockholm] Copy file '27.svg'
[07-Jul-2021 22:26:30 Europe/Stockholm] Copy file '28.svg'
[07-Jul-2021 22:26:30 Europe/Stockholm] Copy file '29.svg'
[07-Jul-2021 22:26:30 Europe/Stockholm] Copy file '3.gif'
[07-Jul-2021 22:26:30 Europe/Stockholm] Copy file '3.png'
[07-Jul-2021 22:26:30 Europe/Stockholm] Copy file '3.svg'
[07-Jul-2021 22:26:30 Europe/Stockholm] Copy file '30.svg'
[07-Jul-2021 22:26:30 Europe/Stockholm] Copy file '4.gif'
[07-Jul-2021 22:26:30 Europe/Stockholm] Copy file '4.png'
[07-Jul-2021 22:26:30 Europe/Stockholm] Copy file '4.svg'
[07-Jul-2021 22:26:30 Europe/Stockholm] Copy file '5.gif'
[07-Jul-2021 22:26:30 Europe/Stockholm] Copy file '5.png'
[07-Jul-2021 22:26:30 Europe/Stockholm] Copy file '5.svg'
[07-Jul-2021 22:26:30 Europe/Stockholm] Copy file '6.gif'
[07-Jul-2021 22:26:30 Europe/Stockholm] Copy file '6.png'
[07-Jul-2021 22:26:30 Europe/Stockholm] Copy file '6.svg'
[07-Jul-2021 22:26:30 Europe/Stockholm] Copy file '7.gif'
[07-Jul-2021 22:26:30 Europe/Stockholm] Copy file '7.png'
[07-Jul-2021 22:26:30 Europe/Stockholm] Copy file '7.svg'
[07-Jul-2021 22:26:30 Europe/Stockholm] Copy file '8.gif'
[07-Jul-2021 22:26:30 Europe/Stockholm] Copy file '8.png'
[07-Jul-2021 22:26:30 Europe/Stockholm] Copy file '8.svg'
[07-Jul-2021 22:26:30 Europe/Stockholm] Copy file '9.gif'
[07-Jul-2021 22:26:30 Europe/Stockholm] Copy file '9.png'
[07-Jul-2021 22:26:30 Europe/Stockholm] Copy file '9.svg'
[07-Jul-2021 22:26:30 Europe/Stockholm] Filename: js/*
[07-Jul-2021 22:26:30 Europe/Stockholm] Source directory: /var/www/ccms/application/lib/docbook/xsl/html5
[07-Jul-2021 22:26:30 Europe/Stockholm] Target directory: /paligo/tmp/sertifi/production-60e60deb900fc6.10571480/8777-Platform_Navigation-html5/out
[07-Jul-2021 22:26:30 Europe/Stockholm] Copy file 'ajax-loading.js'
[07-Jul-2021 22:26:30 Europe/Stockholm] Copy file 'anchorlinks.js'
[07-Jul-2021 22:26:30 Europe/Stockholm] Copy file 'bootstrap.min.js'
[07-Jul-2021 22:26:30 Europe/Stockholm] Copy file 'checklist.js'
[07-Jul-2021 22:26:30 Europe/Stockholm] Copy file 'clipboard.min.js'
[07-Jul-2021 22:26:30 Europe/Stockholm] Copy file 'cookie-consent.js'
[07-Jul-2021 22:26:30 Europe/Stockholm] Copy file 'create-toc.js'
[07-Jul-2021 22:26:30 Europe/Stockholm] Copy file 'csh.js'
[07-Jul-2021 22:26:30 Europe/Stockholm] Copy file 'fuse.min.js'
[07-Jul-2021 22:26:30 Europe/Stockholm] Copy file 'hilitor.js'
[07-Jul-2021 22:26:30 Europe/Stockholm] Copy file 'html5-2-ajax-hp.js'
[07-Jul-2021 22:26:30 Europe/Stockholm] Copy file 'html5-2-ajax.js'
[07-Jul-2021 22:26:30 Europe/Stockholm] Copy file 'html5-2-mp-common.js'
[07-Jul-2021 22:26:30 Europe/Stockholm] Copy file 'html5-2-portal.js'
[07-Jul-2021 22:26:30 Europe/Stockholm] Copy file 'html5-2.js'
[07-Jul-2021 22:26:30 Europe/Stockholm] Copy file 'html5.algoliasearch.js'
[07-Jul-2021 22:26:30 Europe/Stockholm] Copy file 'html5.algoliasearchpage.js'
[07-Jul-2021 22:26:30 Europe/Stockholm] Copy file 'html5.fuse.search.js'
[07-Jul-2021 22:26:30 Europe/Stockholm] Copy file 'jquery-1.10.2.min.js'
[07-Jul-2021 22:26:30 Europe/Stockholm] Copy file 'jquery-1.10.2.min.map'
[07-Jul-2021 22:26:30 Europe/Stockholm] Copy file 'jquery-migrate-3.0.1.min.js'
[07-Jul-2021 22:26:30 Europe/Stockholm] Copy file 'jquery-ui-1.10.3.custom.min.js'
[07-Jul-2021 22:26:30 Europe/Stockholm] Copy file 'jquery.event.move.js'
[07-Jul-2021 22:26:30 Europe/Stockholm] Copy file 'jquery.event.swipe.js'
[07-Jul-2021 22:26:30 Europe/Stockholm] Copy file 'jquery.mark.min.js'
[07-Jul-2021 22:26:30 Europe/Stockholm] Copy file 'jquery.smartmenus.js'
[07-Jul-2021 22:26:30 Europe/Stockholm] Copy file 'jquery.sticky.js'
[07-Jul-2021 22:26:30 Europe/Stockholm] Copy file 'lunr-single-lang.js'
[07-Jul-2021 22:26:30 Europe/Stockholm] Copy file 'lunr.js'
[07-Jul-2021 22:26:30 Europe/Stockholm] Copy file 'materialize.min.js'
[07-Jul-2021 22:26:30 Europe/Stockholm] Copy file 'mspace.js'
[07-Jul-2021 22:26:30 Europe/Stockholm] Copy file 'purl.js'
[07-Jul-2021 22:26:30 Europe/Stockholm] Copy file 'respond.min.js'
[07-Jul-2021 22:26:30 Europe/Stockholm] Copy file 'responsive-tables.js'
[07-Jul-2021 22:26:30 Europe/Stockholm] Copy file 'rwd-table.min.js'
[07-Jul-2021 22:26:30 Europe/Stockholm] Copy file 'script-api.js'
[07-Jul-2021 22:26:30 Europe/Stockholm] Copy file 'script-revealjs-slides.js'
[07-Jul-2021 22:26:30 Europe/Stockholm] Copy file 'script.js'
[07-Jul-2021 22:26:30 Europe/Stockholm] Copy file 'search.js'
[07-Jul-2021 22:26:30 Europe/Stockholm] Copy file 'updateurl.js'
[07-Jul-2021 22:26:30 Europe/Stockholm] Filename: fonts/*
[07-Jul-2021 22:26:30 Europe/Stockholm] Source directory: /var/www/ccms/application/lib/docbook/xsl/html5
[07-Jul-2021 22:26:30 Europe/Stockholm] Target directory: /paligo/tmp/sertifi/production-60e60deb900fc6.10571480/8777-Platform_Navigation-html5/out
[07-Jul-2021 22:26:30 Europe/Stockholm] Copy file 'FontAwesome.otf'
[07-Jul-2021 22:26:30 Europe/Stockholm] Copy file 'fontawesome-webfont.eot'
[07-Jul-2021 22:26:30 Europe/Stockholm] Copy file 'fontawesome-webfont.svg'
[07-Jul-2021 22:26:30 Europe/Stockholm] Copy file 'fontawesome-webfont.ttf'
[07-Jul-2021 22:26:30 Europe/Stockholm] Copy file 'fontawesome-webfont.woff'
[07-Jul-2021 22:26:30 Europe/Stockholm] Copy file 'fontawesome-webfont.woff2'
[07-Jul-2021 22:26:30 Europe/Stockholm] Copy file 'glyphicons-halflings-regular.eot'
[07-Jul-2021 22:26:30 Europe/Stockholm] Copy file 'glyphicons-halflings-regular.svg'
[07-Jul-2021 22:26:30 Europe/Stockholm] Copy file 'glyphicons-halflings-regular.ttf'
[07-Jul-2021 22:26:30 Europe/Stockholm] Copy file 'glyphicons-halflings-regular.woff'
[07-Jul-2021 22:26:30 Europe/Stockholm] Copy file 'glyphicons-halflings-regular.woff2'
[07-Jul-2021 22:26:30 Europe/Stockholm] Copy file 'roboto-v20-vietnamese_latin-ext_latin_greek-ext_greek_cyrillic-ext_cyrillic-300.eot'
[07-Jul-2021 22:26:30 Europe/Stockholm] Copy file 'roboto-v20-vietnamese_latin-ext_latin_greek-ext_greek_cyrillic-ext_cyrillic-300.svg'
[07-Jul-2021 22:26:30 Europe/Stockholm] Copy file 'roboto-v20-vietnamese_latin-ext_latin_greek-ext_greek_cyrillic-ext_cyrillic-300.ttf'
[07-Jul-2021 22:26:30 Europe/Stockholm] Copy file 'roboto-v20-vietnamese_latin-ext_latin_greek-ext_greek_cyrillic-ext_cyrillic-300.woff'
[07-Jul-2021 22:26:30 Europe/Stockholm] Copy file 'roboto-v20-vietnamese_latin-ext_latin_greek-ext_greek_cyrillic-ext_cyrillic-300.woff2'
[07-Jul-2021 22:26:30 Europe/Stockholm] Copy file 'roboto-v20-vietnamese_latin-ext_latin_greek-ext_greek_cyrillic-ext_cyrillic-700.eot'
[07-Jul-2021 22:26:30 Europe/Stockholm] Copy file 'roboto-v20-vietnamese_latin-ext_latin_greek-ext_greek_cyrillic-ext_cyrillic-700.svg'
[07-Jul-2021 22:26:30 Europe/Stockholm] Copy file 'roboto-v20-vietnamese_latin-ext_latin_greek-ext_greek_cyrillic-ext_cyrillic-700.ttf'
[07-Jul-2021 22:26:30 Europe/Stockholm] Copy file 'roboto-v20-vietnamese_latin-ext_latin_greek-ext_greek_cyrillic-ext_cyrillic-700.woff'
[07-Jul-2021 22:26:30 Europe/Stockholm] Copy file 'roboto-v20-vietnamese_latin-ext_latin_greek-ext_greek_cyrillic-ext_cyrillic-700.woff2'
[07-Jul-2021 22:26:30 Europe/Stockholm] Copy file 'roboto-v20-vietnamese_latin-ext_latin_greek-ext_greek_cyrillic-ext_cyrillic-regular.eot'
[07-Jul-2021 22:26:30 Europe/Stockholm] Copy file 'roboto-v20-vietnamese_latin-ext_latin_greek-ext_greek_cyrillic-ext_cyrillic-regular.svg'
[07-Jul-2021 22:26:30 Europe/Stockholm] Copy file 'roboto-v20-vietnamese_latin-ext_latin_greek-ext_greek_cyrillic-ext_cyrillic-regular.ttf'
[07-Jul-2021 22:26:30 Europe/Stockholm] Copy file 'roboto-v20-vietnamese_latin-ext_latin_greek-ext_greek_cyrillic-ext_cyrillic-regular.woff'
[07-Jul-2021 22:26:30 Europe/Stockholm] Copy file 'roboto-v20-vietnamese_latin-ext_latin_greek-ext_greek_cyrillic-ext_cyrillic-regular.woff2'
[07-Jul-2021 22:26:30 Europe/Stockholm] Copy file '/var/www/ccms/usr/sertifi/xsl/custom/assets/layout-9036/60e5dfba4e344.png' to '/paligo/tmp/sertifi/production-60e60deb900fc6.10571480/8777-Platform_Navigation-html5/out/css/image/corporate-logo.png'
[07-Jul-2021 22:26:30 Europe/Stockholm] Copy file '/var/www/ccms/usr/sertifi/xsl/custom/assets/layout-9036/5f061cb17a166.png' to '/paligo/tmp/sertifi/production-60e60deb900fc6.10571480/8777-Platform_Navigation-html5/out/css/image/portal-logo.png'
[07-Jul-2021 22:26:30 Europe/Stockholm] Copy file '/var/www/ccms/usr/sertifi/xsl/custom/assets/layout-9036/5e810e878aef9.jpg' to '/paligo/tmp/sertifi/production-60e60deb900fc6.10571480/8777-Platform_Navigation-html5/out/css/image/portal-bg.jpg'
[07-Jul-2021 22:26:30 Europe/Stockholm] Copy file '/var/www/ccms/usr/sertifi/xsl/custom/assets/layout-9036/60a572812de46.js' to '/paligo/tmp/sertifi/production-60e60deb900fc6.10571480/8777-Platform_Navigation-html5/out/js/layout-custom-script.js'
[07-Jul-2021 22:26:30 Europe/Stockholm] Copy file '/var/www/ccms/usr/sertifi/xsl/custom/assets/layout-9036/5edaa459229c1.ico' to '/paligo/tmp/sertifi/production-60e60deb900fc6.10571480/8777-Platform_Navigation-html5/out/favicon.ico'
[07-Jul-2021 22:26:31 Europe/Stockholm] Post build HTML5
[07/Jul/2021 22:26:31 Europe/Stockholm] [Info] Transformation: index-en.html -> toc-en.html [60e60df43959b.toc.xsl]
[07/Jul/2021 22:26:31 Europe/Stockholm] [Info] Transformation: getting-started.html -> getting-started.html [60e60df43959b.page.xsl]
[07/Jul/2021 22:26:31 Europe/Stockholm] [Info] Transformation: send-a-file.html -> send-a-file.html [60e60df43959b.page.xsl]
[07/Jul/2021 22:26:31 Europe/Stockholm] [Info] Transformation: review-and-sign.html -> review-and-sign.html [60e60df43959b.page.xsl]
[07/Jul/2021 22:26:31 Europe/Stockholm] [Info] Transformation: document-editor.html -> document-editor.html [60e60df43959b.page.xsl]
[07/Jul/2021 22:26:31 Europe/Stockholm] [Info] Transformation: document-library.html -> document-library.html [60e60df43959b.page.xsl]
[07/Jul/2021 22:26:31 Europe/Stockholm] [Info] Transformation: file-maintenance.html -> file-maintenance.html [60e60df43959b.page.xsl]
[07/Jul/2021 22:26:31 Europe/Stockholm] [Info] Transformation: next-gen-esignatures.html -> next-gen-esignatures.html [60e60df43959b.page.xsl]
[07/Jul/2021 22:26:31 Europe/Stockholm] [Info] Transformation: esignatures.html -> esignatures.html [60e60df43959b.page.xsl]
[07/Jul/2021 22:26:31 Europe/Stockholm] [Info] Transformation: create-a-payment.html -> create-a-payment.html [60e60df43959b.page.xsl]
[07/Jul/2021 22:26:31 Europe/Stockholm] [Info] Transformation: payment-management.html -> payment-management.html [60e60df43959b.page.xsl]
[07/Jul/2021 22:26:31 Europe/Stockholm] [Info] Transformation: epayments.html -> epayments.html [60e60df43959b.page.xsl]
[07/Jul/2021 22:26:31 Europe/Stockholm] [Info] Transformation: agreements.html -> agreements.html [60e60df43959b.page.xsl]
[07/Jul/2021 22:26:31 Europe/Stockholm] [Info] Transformation: eauthorizations-account-setup.html -> eauthorizations-account-setup.html [60e60df43959b.page.xsl]
[07/Jul/2021 22:26:31 Europe/Stockholm] [Info] Transformation: eauthorizations.html -> eauthorizations.html [60e60df43959b.page.xsl]
[07/Jul/2021 22:26:31 Europe/Stockholm] [Info] Transformation: get-started.html -> get-started.html [60e60df43959b.page.xsl]
[07/Jul/2021 22:26:31 Europe/Stockholm] [Info] Transformation: econfirmations-report.html -> econfirmations-report.html [60e60df43959b.page.xsl]
[07/Jul/2021 22:26:31 Europe/Stockholm] [Info] Transformation: integrations-and-upgrades.html -> integrations-and-upgrades.html [60e60df43959b.page.xsl]
[07/Jul/2021 22:26:31 Europe/Stockholm] [Info] Transformation: oracle-hospitality-opera-plugin.html -> oracle-hospitality-opera-plugin.html [60e60df43959b.page.xsl]
[07/Jul/2021 22:26:31 Europe/Stockholm] [Info] Transformation: helpful-tips.html -> helpful-tips.html [60e60df43959b.page.xsl]
[07/Jul/2021 22:26:31 Europe/Stockholm] [Info] Transformation: econfirmations.html -> econfirmations.html [60e60df43959b.page.xsl]
[07/Jul/2021 22:26:31 Europe/Stockholm] [Info] Transformation: authorizations.html -> authorizations.html [60e60df43959b.page.xsl]
[07/Jul/2021 22:26:31 Europe/Stockholm] [Info] Transformation: sertifi-sso--primary-.html -> sertifi-sso--primary-.html [60e60df43959b.page.xsl]
[07/Jul/2021 22:26:31 Europe/Stockholm] [Info] Transformation: integrations.html -> integrations.html [60e60df43959b.page.xsl]
[07/Jul/2021 22:26:31 Europe/Stockholm] [Info] Transformation: sertifi-api.html -> sertifi-api.html [60e60df43959b.page.xsl]
[07/Jul/2021 22:26:31 Europe/Stockholm] [Info] Transformation: super-admin.html -> super-admin.html [60e60df43959b.page.xsl]
[07/Jul/2021 22:26:32 Europe/Stockholm] [Info] Transformation: power-admin.html -> power-admin.html [60e60df43959b.page.xsl]
[07/Jul/2021 22:26:32 Europe/Stockholm] [Info] Transformation: admin.html -> admin.html [60e60df43959b.page.xsl]
[07/Jul/2021 22:26:32 Europe/Stockholm] [Info] Transformation: user.html -> user.html [60e60df43959b.page.xsl]
[07/Jul/2021 22:26:32 Europe/Stockholm] [Info] Transformation: auditor.html -> auditor.html [60e60df43959b.page.xsl]
[07/Jul/2021 22:26:32 Europe/Stockholm] [Info] Transformation: roles.html -> roles.html [60e60df43959b.page.xsl]
[07/Jul/2021 22:26:32 Europe/Stockholm] [Info] Transformation: release-notes.html -> release-notes.html [60e60df43959b.page.xsl]
[07/Jul/2021 22:26:32 Europe/Stockholm] [Info] Transformation: toggle-interface.html -> toggle-interface.html [60e60df43959b.page.xsl]
[07/Jul/2021 22:26:32 Europe/Stockholm] [Info] Transformation: settings.html -> settings.html [60e60df43959b.page.xsl]
[07/Jul/2021 22:26:32 Europe/Stockholm] [Info] Transformation: index-en.html -> index-en.html [60e60df43959b.page.xsl]
[07/Jul/2021 22:26:32 Europe/Stockholm] [Info] Generating index page.
[07/Jul/2021 22:26:32 Europe/Stockholm] [Info] Transformation: index.manifest -> index.html [60e60df43959b.index.xsl]
[07/Jul/2021 22:26:32 Europe/Stockholm] [Info] # Took 12.117063 seconds to render.
